七月 26, 2018 2:48:10 下午 Master main
信息: packFileHeader [packHeaderSize=36, packVer=4097, packFlag=1, packNum=0, packctime=20181616, packutime=20180616, packFileSize=36, packreserver1=0, packreserver2=0]
七月 26, 2018 2:48:10 下午 Master main
信息: Application end ...
七月 26, 2018 2:48:11 下午 Master main
信息: Application starting ...
七月 26, 2018 2:48:11 下午 FileHandle OpenReadFile
信息: Open test.log
七月 26, 2018 2:48:11 下午 FileHandle OpenWriteFile
信息: Open out.log
七月 26, 2018 2:48:11 下午 Master Main
信息: off:0
七月 26, 2018 2:48:11 下午 Master Main
信息: off:1024
七月 26, 2018 2:48:11 下午 Master Main
信息: off:2048
七月 26, 2018 2:48:11 下午 Master Main
信息: off:3072
七月 26, 2018 2:48:11 下午 Master Main
信息: off:4096
七月 26, 2018 2:48:11 下午 Master Main
信息: off:5120
七月 26, 2018 2:48:11 下午 FileHandle OpenWriteFile
信息: Open pack1.tar
七月 26, 2018 2:48:11 下午 FileHandle OpenReadFile
信息: Open pack1.tar
七月 26, 2018 2:48:11 下午 Master main
信息: equal
七月 26, 2018 2:48:11 下午 Master main
信息: packFileHeader [packHeaderSize=36, packVer=4097, packFlag=1, packNum=0, packctime=20181616, packutime=20180616, packFileSize=36, packreserver1=0, packreserver2=0]
七月 26, 2018 2:48:11 下午 Master main
信息: packFileHeader [packHeaderSize=36, packVer=4097, packFlag=1, packNum=0, packctime=20181616, packutime=20180616, packFileSize=36, packreserver1=0, packreserver2=0]
七月 26, 2018 2:48:11 下午 Master main
信息: Application end ...
